<?xml version="1.0" encoding="UTF-8"?>
<!-- Generated by org.testng.reporters.JUnitReportReporter -->
<testsuite hostname="LAPTOP-NA4EO4C0" failures="0" tests="2" name="Runner.TestRunnerGreencart" time="19.998" errors="0" timestamp="2023-12-15T22:31:25 IST" skipped="0">
  <testcase classname="Runner.TestRunnerGreencart" name="runScenario" time="9.263"/>
  <testcase classname="Runner.TestRunnerGreencart" name="runScenario" time="10.735"/>
</testsuite> <!-- Runner.TestRunnerGreencart -->
