<?xml version="1.0" encoding="UTF-8"?>
<!-- Generated by org.testng.reporters.JUnitReportReporter -->
<testsuite hostname="LAPTOP-NA4EO4C0" failures="0" tests="2" name="Runner.TestRunnerGreencart" time="22.321" errors="0" timestamp="2023-12-15T21:44:36 IST" skipped="0">
  <testcase classname="Runner.TestRunnerGreencart" name="runScenario" time="10.285"/>
  <testcase classname="Runner.TestRunnerGreencart" name="runScenario" time="12.036"/>
</testsuite> <!-- Runner.TestRunnerGreencart -->
