<?xml version="1.0" encoding="UTF-8"?>
<!-- Generated by org.testng.reporters.JUnitReportReporter -->
<testsuite hostname="LAPTOP-NA4EO4C0" failures="0" tests="1" name="Runner.TestRunnerGreencart" time="12.365" errors="0" timestamp="2023-12-14T23:58:27 IST" skipped="0">
  <testcase classname="Runner.TestRunnerGreencart" name="runScenario" time="12.365"/>
</testsuite> <!-- Runner.TestRunnerGreencart -->
